<?xml version="1.0" encoding="UTF-8"?>
<Site BuildName="(empty)"
	BuildStamp="20251126-0206-Experimental"
	Name="lst"
	Generator="ctest-3.16.3"
	CompilerName="/usr/bin/c++"
	CompilerVersion="9.4.0"
	OSName="Linux"
	Hostname="lst"
	OSRelease="5.15.0-139-generic"
	OSVersion="#149~20.04.1-Ubuntu SMP Wed Apr 16 08:29:56 UTC 2025"
	OSPlatform="x86_64"
	Is64Bits="1"
	VendorString="AuthenticAMD"
	VendorID="Advanced Micro Devices"
	FamilyID="25"
	ModelID="97"
	ProcessorCacheSize="1024"
	NumberOfLogicalCPU="32"
	NumberOfPhysicalCPU="16"
	TotalVirtualMemory="2047"
	TotalPhysicalMemory="15662"
	LogicalProcessorsPerPhysical="2"
	ProcessorClockFrequency="1500"
	>
	<Testing>
		<StartDateTime>Nov 26 11:10 CST</StartDateTime>
		<StartTestTime>1764126655</StartTestTime>
		<TestList/>
		<EndDateTime>Nov 26 11:10 CST</EndDateTime>
		<EndTestTime>1764126655</EndTestTime>
		<ElapsedMinutes>0</ElapsedMinutes>
	</Testing>
</Site>
